2022-05-04 15:17:53.121 +03:00 [INF] Log started
2022-05-04 15:18:07.472 +03:00 [INF] Log started
2022-05-04 15:18:07.515 +03:00 [ERR] Error log
OpenQA.Selenium.StaleElementReferenceException: stale element reference: element is not attached to the page document
  (Session info: chrome=100.0.4896.127)
   at OpenQA.Selenium.WebDriver.UnpackAndThrowOnError(Response errorResponse)
   at OpenQA.Selenium.WebDriver.Execute(String driverCommandToExecute, Dictionary`2 parameters)
   at OpenQA.Selenium.WebDriver.InternalExecute(String driverCommandToExecute, Dictionary`2 parameters)
   at OpenQA.Selenium.WebElement.Execute(String commandToExecute, Dictionary`2 parameters)
   at OpenQA.Selenium.WebElement.Click()
   at SeleniumExtras.PageObjects.WebElementProxy.Click()
   at RozetkaHomeTaskEpamLab.rozetkaPages.SearchPage.ClickCheckBox() in E:\Projects\RozetkaHomeTaskEpamLabNew\RozetkaHomeTaskEpamLab\rozetkaPages\SearchPage.cs:line 48
   at RozetkaHomeTaskEpamLab.rozetkaTests.VerifyThatBucketContainsGoodAndPriceIsCorrectTest.VerifyThatBucketContainsGoodWithCorrectPriceTest(Filter filter) in E:\Projects\RozetkaHomeTaskEpamLabNew\RozetkaHomeTaskEpamLab\rozetkaTests\VerifyThatBucketContainsGoodAndPriceIsCorrectTest.cs:line 36
2022-05-04 15:18:07.545 +03:00 [ERR] Error log
OpenQA.Selenium.StaleElementReferenceException: stale element reference: element is not attached to the page document
  (Session info: chrome=100.0.4896.127)
   at OpenQA.Selenium.WebDriver.UnpackAndThrowOnError(Response errorResponse)
   at OpenQA.Selenium.WebDriver.Execute(String driverCommandToExecute, Dictionary`2 parameters)
   at OpenQA.Selenium.WebDriver.InternalExecute(String driverCommandToExecute, Dictionary`2 parameters)
   at OpenQA.Selenium.WebElement.Execute(String commandToExecute, Dictionary`2 parameters)
   at OpenQA.Selenium.WebElement.Click()
   at SeleniumExtras.PageObjects.WebElementProxy.Click()
   at RozetkaHomeTaskEpamLab.rozetkaPages.SearchPage.ClickCheckBox() in E:\Projects\RozetkaHomeTaskEpamLabNew\RozetkaHomeTaskEpamLab\rozetkaPages\SearchPage.cs:line 48
   at RozetkaHomeTaskEpamLab.rozetkaTests.VerifyThatBucketContainsGoodAndPriceIsCorrectTest.VerifyThatBucketContainsGoodWithCorrectPriceTest(Filter filter) in E:\Projects\RozetkaHomeTaskEpamLabNew\RozetkaHomeTaskEpamLab\rozetkaTests\VerifyThatBucketContainsGoodAndPriceIsCorrectTest.cs:line 36
2022-05-04 15:18:07.714 +03:00 [INF] Log closed
