2022-05-04 12:13:27.010 +03:00 [INF] Log started
2022-05-04 12:13:32.125 +03:00 [ERR] Error log
OpenQA.Selenium.NoSuchElementException: Could not find element by: By.XPath: //span[contains(text(), 'Алфавитный указатель')]/parent::button/parent::div/preceding-sibling::div/input
   at SeleniumExtras.PageObjects.DefaultElementLocator.LocateElement(IEnumerable`1 bys)
   at SeleniumExtras.PageObjects.WebElementProxy.get_WrappedElement()
   at SeleniumExtras.PageObjects.WebElementProxy.SendKeys(String text)
   at RozetkaHomeTaskEpamLab.rozetkaPages.SearchPage.SendKeysToSearchBrandInput(String brand) in E:\Projects\RozetkaHomeTaskEpamLabNew\RozetkaHomeTaskEpamLab\rozetkaPages\SearchPage.cs:line 34
   at RozetkaHomeTaskEpamLab.rozetkaTests.VerifyThatBucketContainsGoodAndPriceIsCorrectTest.VerifyThatBucketContainsGoodWithCorrectPriceTest(Filter filter) in E:\Projects\RozetkaHomeTaskEpamLabNew\RozetkaHomeTaskEpamLab\rozetkaTests\VerifyThatBucketContainsGoodAndPriceIsCorrectTest.cs:line 32
2022-05-04 12:13:32.926 +03:00 [ERR] Error log
OpenQA.Selenium.NoSuchElementException: Could not find element by: By.XPath: //span[contains(text(), 'Алфавитный указатель')]/parent::button/parent::div/preceding-sibling::div/input
   at SeleniumExtras.PageObjects.DefaultElementLocator.LocateElement(IEnumerable`1 bys)
   at SeleniumExtras.PageObjects.WebElementProxy.get_WrappedElement()
   at SeleniumExtras.PageObjects.WebElementProxy.SendKeys(String text)
   at RozetkaHomeTaskEpamLab.rozetkaPages.SearchPage.SendKeysToSearchBrandInput(String brand) in E:\Projects\RozetkaHomeTaskEpamLabNew\RozetkaHomeTaskEpamLab\rozetkaPages\SearchPage.cs:line 34
   at RozetkaHomeTaskEpamLab.rozetkaTests.VerifyThatBucketContainsGoodAndPriceIsCorrectTest.VerifyThatBucketContainsGoodWithCorrectPriceTest(Filter filter) in E:\Projects\RozetkaHomeTaskEpamLabNew\RozetkaHomeTaskEpamLab\rozetkaTests\VerifyThatBucketContainsGoodAndPriceIsCorrectTest.cs:line 32
2022-05-04 12:13:39.083 +03:00 [ERR] Error log
OpenQA.Selenium.StaleElementReferenceException: stale element reference: element is not attached to the page document
  (Session info: chrome=100.0.4896.127)
   at OpenQA.Selenium.WebDriver.UnpackAndThrowOnError(Response errorResponse)
   at OpenQA.Selenium.WebDriver.Execute(String driverCommandToExecute, Dictionary`2 parameters)
   at OpenQA.Selenium.WebDriver.InternalExecute(String driverCommandToExecute, Dictionary`2 parameters)
   at OpenQA.Selenium.WebElement.Execute(String commandToExecute, Dictionary`2 parameters)
   at OpenQA.Selenium.WebElement.Click()
   at SeleniumExtras.PageObjects.WebElementProxy.Click()
   at RozetkaHomeTaskEpamLab.rozetkaPages.SearchPage.ChooseFirstGood() in E:\Projects\RozetkaHomeTaskEpamLabNew\RozetkaHomeTaskEpamLab\rozetkaPages\SearchPage.cs:line 44
   at RozetkaHomeTaskEpamLab.rozetkaTests.VerifyThatBucketContainsGoodAndPriceIsCorrectTest.VerifyThatBucketContainsGoodWithCorrectPriceTest(Filter filter) in E:\Projects\RozetkaHomeTaskEpamLabNew\RozetkaHomeTaskEpamLab\rozetkaTests\VerifyThatBucketContainsGoodAndPriceIsCorrectTest.cs:line 35
2022-05-04 12:16:34.352 +03:00 [INF] Log started
2022-05-04 12:16:42.503 +03:00 [ERR] Error log
OpenQA.Selenium.StaleElementReferenceException: stale element reference: element is not attached to the page document
  (Session info: chrome=100.0.4896.127)
   at OpenQA.Selenium.WebDriver.UnpackAndThrowOnError(Response errorResponse)
   at OpenQA.Selenium.WebDriver.Execute(String driverCommandToExecute, Dictionary`2 parameters)
   at OpenQA.Selenium.WebDriver.InternalExecute(String driverCommandToExecute, Dictionary`2 parameters)
   at OpenQA.Selenium.WebElement.Execute(String commandToExecute, Dictionary`2 parameters)
   at OpenQA.Selenium.WebElement.Click()
   at SeleniumExtras.PageObjects.WebElementProxy.Click()
   at RozetkaHomeTaskEpamLab.rozetkaPages.SearchPage.ChooseFirstGood() in E:\Projects\RozetkaHomeTaskEpamLabNew\RozetkaHomeTaskEpamLab\rozetkaPages\SearchPage.cs:line 44
   at RozetkaHomeTaskEpamLab.rozetkaTests.VerifyThatBucketContainsGoodAndPriceIsCorrectTest.VerifyThatBucketContainsGoodWithCorrectPriceTest(Filter filter) in E:\Projects\RozetkaHomeTaskEpamLabNew\RozetkaHomeTaskEpamLab\rozetkaTests\VerifyThatBucketContainsGoodAndPriceIsCorrectTest.cs:line 35
2022-05-04 12:17:18.804 +03:00 [INF] Log started
2022-05-04 12:18:35.572 +03:00 [INF] Log started
2022-05-04 12:18:38.275 +03:00 [ERR] Error log
OpenQA.Selenium.NoSuchElementException: Could not find element by: By.XPath: //span[contains(text(), 'Алфавитный указатель')]/parent::button/parent::div/preceding-sibling::div/input
   at SeleniumExtras.PageObjects.DefaultElementLocator.LocateElement(IEnumerable`1 bys)
   at SeleniumExtras.PageObjects.WebElementProxy.get_WrappedElement()
   at SeleniumExtras.PageObjects.WebElementProxy.SendKeys(String text)
   at RozetkaHomeTaskEpamLab.rozetkaPages.SearchPage.SendKeysToSearchBrandInput(String brand) in E:\Projects\RozetkaHomeTaskEpamLabNew\RozetkaHomeTaskEpamLab\rozetkaPages\SearchPage.cs:line 34
   at RozetkaHomeTaskEpamLab.rozetkaTests.VerifyThatBucketContainsGoodAndPriceIsCorrectTest.VerifyThatBucketContainsGoodWithCorrectPriceTest(Filter filter) in E:\Projects\RozetkaHomeTaskEpamLabNew\RozetkaHomeTaskEpamLab\rozetkaTests\VerifyThatBucketContainsGoodAndPriceIsCorrectTest.cs:line 32
2022-05-04 12:18:59.206 +03:00 [INF] Log started
2022-05-04 12:19:01.720 +03:00 [ERR] Error log
OpenQA.Selenium.NoSuchElementException: Could not find element by: By.XPath: //span[contains(text(), 'Алфавитный указатель')]/parent::button/parent::div/preceding-sibling::div/input
   at SeleniumExtras.PageObjects.DefaultElementLocator.LocateElement(IEnumerable`1 bys)
   at SeleniumExtras.PageObjects.WebElementProxy.get_WrappedElement()
   at SeleniumExtras.PageObjects.WebElementProxy.SendKeys(String text)
   at RozetkaHomeTaskEpamLab.rozetkaPages.SearchPage.SendKeysToSearchBrandInput(String brand) in E:\Projects\RozetkaHomeTaskEpamLabNew\RozetkaHomeTaskEpamLab\rozetkaPages\SearchPage.cs:line 34
   at RozetkaHomeTaskEpamLab.rozetkaTests.VerifyThatBucketContainsGoodAndPriceIsCorrectTest.VerifyThatBucketContainsGoodWithCorrectPriceTest(Filter filter) in E:\Projects\RozetkaHomeTaskEpamLabNew\RozetkaHomeTaskEpamLab\rozetkaTests\VerifyThatBucketContainsGoodAndPriceIsCorrectTest.cs:line 32
2022-05-04 12:19:22.042 +03:00 [INF] Log started
2022-05-04 12:19:30.444 +03:00 [ERR] Error log
OpenQA.Selenium.StaleElementReferenceException: stale element reference: element is not attached to the page document
  (Session info: chrome=100.0.4896.127)
   at OpenQA.Selenium.WebDriver.UnpackAndThrowOnError(Response errorResponse)
   at OpenQA.Selenium.WebDriver.Execute(String driverCommandToExecute, Dictionary`2 parameters)
   at OpenQA.Selenium.WebDriver.InternalExecute(String driverCommandToExecute, Dictionary`2 parameters)
   at OpenQA.Selenium.WebElement.Execute(String commandToExecute, Dictionary`2 parameters)
   at OpenQA.Selenium.WebElement.Click()
   at SeleniumExtras.PageObjects.WebElementProxy.Click()
   at RozetkaHomeTaskEpamLab.rozetkaPages.SearchPage.ChooseFirstGood() in E:\Projects\RozetkaHomeTaskEpamLabNew\RozetkaHomeTaskEpamLab\rozetkaPages\SearchPage.cs:line 44
   at RozetkaHomeTaskEpamLab.rozetkaTests.VerifyThatBucketContainsGoodAndPriceIsCorrectTest.VerifyThatBucketContainsGoodWithCorrectPriceTest(Filter filter) in E:\Projects\RozetkaHomeTaskEpamLabNew\RozetkaHomeTaskEpamLab\rozetkaTests\VerifyThatBucketContainsGoodAndPriceIsCorrectTest.cs:line 35
2022-05-04 12:20:25.874 +03:00 [INF] Log started
2022-05-04 12:20:28.446 +03:00 [ERR] Error log
OpenQA.Selenium.NoSuchElementException: Could not find element by: By.XPath: //span[contains(text(), 'Алфавитный указатель')]/parent::button/parent::div/preceding-sibling::div/input
   at SeleniumExtras.PageObjects.DefaultElementLocator.LocateElement(IEnumerable`1 bys)
   at SeleniumExtras.PageObjects.WebElementProxy.get_WrappedElement()
   at SeleniumExtras.PageObjects.WebElementProxy.SendKeys(String text)
   at RozetkaHomeTaskEpamLab.rozetkaPages.SearchPage.SendKeysToSearchBrandInput(String brand) in E:\Projects\RozetkaHomeTaskEpamLabNew\RozetkaHomeTaskEpamLab\rozetkaPages\SearchPage.cs:line 34
   at RozetkaHomeTaskEpamLab.rozetkaTests.VerifyThatBucketContainsGoodAndPriceIsCorrectTest.VerifyThatBucketContainsGoodWithCorrectPriceTest(Filter filter) in E:\Projects\RozetkaHomeTaskEpamLabNew\RozetkaHomeTaskEpamLab\rozetkaTests\VerifyThatBucketContainsGoodAndPriceIsCorrectTest.cs:line 32
2022-05-04 12:21:37.695 +03:00 [INF] Log started
2022-05-04 12:21:43.986 +03:00 [ERR] Error log
OpenQA.Selenium.StaleElementReferenceException: stale element reference: element is not attached to the page document
  (Session info: chrome=100.0.4896.127)
   at OpenQA.Selenium.WebDriver.UnpackAndThrowOnError(Response errorResponse)
   at OpenQA.Selenium.WebDriver.Execute(String driverCommandToExecute, Dictionary`2 parameters)
   at OpenQA.Selenium.WebDriver.InternalExecute(String driverCommandToExecute, Dictionary`2 parameters)
   at OpenQA.Selenium.WebElement.Execute(String commandToExecute, Dictionary`2 parameters)
   at OpenQA.Selenium.WebElement.SendKeys(String text)
   at SeleniumExtras.PageObjects.WebElementProxy.SendKeys(String text)
   at RozetkaHomeTaskEpamLab.rozetkaPages.SearchPage.SendKeysToSearchBrandInput(String brand) in E:\Projects\RozetkaHomeTaskEpamLabNew\RozetkaHomeTaskEpamLab\rozetkaPages\SearchPage.cs:line 34
   at RozetkaHomeTaskEpamLab.rozetkaTests.VerifyThatBucketContainsGoodAndPriceIsCorrectTest.VerifyThatBucketContainsGoodWithCorrectPriceTest(Filter filter) in E:\Projects\RozetkaHomeTaskEpamLabNew\RozetkaHomeTaskEpamLab\rozetkaTests\VerifyThatBucketContainsGoodAndPriceIsCorrectTest.cs:line 33
2022-05-04 12:21:57.090 +03:00 [INF] Log started
2022-05-04 12:22:03.022 +03:00 [ERR] Error log
OpenQA.Selenium.StaleElementReferenceException: stale element reference: element is not attached to the page document
  (Session info: chrome=100.0.4896.127)
   at OpenQA.Selenium.WebDriver.UnpackAndThrowOnError(Response errorResponse)
   at OpenQA.Selenium.WebDriver.Execute(String driverCommandToExecute, Dictionary`2 parameters)
   at OpenQA.Selenium.WebDriver.InternalExecute(String driverCommandToExecute, Dictionary`2 parameters)
   at OpenQA.Selenium.WebElement.Execute(String commandToExecute, Dictionary`2 parameters)
   at OpenQA.Selenium.WebElement.SendKeys(String text)
   at SeleniumExtras.PageObjects.WebElementProxy.SendKeys(String text)
   at RozetkaHomeTaskEpamLab.rozetkaPages.SearchPage.SendKeysToSearchBrandInput(String brand) in E:\Projects\RozetkaHomeTaskEpamLabNew\RozetkaHomeTaskEpamLab\rozetkaPages\SearchPage.cs:line 34
   at RozetkaHomeTaskEpamLab.rozetkaTests.VerifyThatBucketContainsGoodAndPriceIsCorrectTest.VerifyThatBucketContainsGoodWithCorrectPriceTest(Filter filter) in E:\Projects\RozetkaHomeTaskEpamLabNew\RozetkaHomeTaskEpamLab\rozetkaTests\VerifyThatBucketContainsGoodAndPriceIsCorrectTest.cs:line 33
2022-05-04 12:26:30.388 +03:00 [INF] Log started
2022-05-04 12:26:32.840 +03:00 [ERR] Error log
OpenQA.Selenium.NoSuchElementException: Could not find element by: By.XPath: //span[contains(text(), 'Алфавитный указатель')]/parent::button/parent::div/preceding-sibling::div/input
   at SeleniumExtras.PageObjects.DefaultElementLocator.LocateElement(IEnumerable`1 bys)
   at SeleniumExtras.PageObjects.WebElementProxy.get_WrappedElement()
   at SeleniumExtras.PageObjects.WebElementProxy.SendKeys(String text)
   at RozetkaHomeTaskEpamLab.rozetkaPages.SearchPage.SendKeysToSearchBrandInput(String brand) in E:\Projects\RozetkaHomeTaskEpamLabNew\RozetkaHomeTaskEpamLab\rozetkaPages\SearchPage.cs:line 34
   at RozetkaHomeTaskEpamLab.rozetkaTests.VerifyThatBucketContainsGoodAndPriceIsCorrectTest.VerifyThatBucketContainsGoodWithCorrectPriceTest(Filter filter) in E:\Projects\RozetkaHomeTaskEpamLabNew\RozetkaHomeTaskEpamLab\rozetkaTests\VerifyThatBucketContainsGoodAndPriceIsCorrectTest.cs:line 33
2022-05-04 12:27:27.297 +03:00 [INF] Log started
2022-05-04 12:27:35.662 +03:00 [ERR] Error log
OpenQA.Selenium.StaleElementReferenceException: stale element reference: element is not attached to the page document
  (Session info: chrome=100.0.4896.127)
   at OpenQA.Selenium.WebDriver.UnpackAndThrowOnError(Response errorResponse)
   at OpenQA.Selenium.WebDriver.Execute(String driverCommandToExecute, Dictionary`2 parameters)
   at OpenQA.Selenium.WebDriver.InternalExecute(String driverCommandToExecute, Dictionary`2 parameters)
   at OpenQA.Selenium.WebElement.Execute(String commandToExecute, Dictionary`2 parameters)
   at OpenQA.Selenium.WebElement.Click()
   at SeleniumExtras.PageObjects.WebElementProxy.Click()
   at RozetkaHomeTaskEpamLab.rozetkaPages.SearchPage.ChooseFirstGood() in E:\Projects\RozetkaHomeTaskEpamLabNew\RozetkaHomeTaskEpamLab\rozetkaPages\SearchPage.cs:line 44
   at RozetkaHomeTaskEpamLab.rozetkaTests.VerifyThatBucketContainsGoodAndPriceIsCorrectTest.VerifyThatBucketContainsGoodWithCorrectPriceTest(Filter filter) in E:\Projects\RozetkaHomeTaskEpamLabNew\RozetkaHomeTaskEpamLab\rozetkaTests\VerifyThatBucketContainsGoodAndPriceIsCorrectTest.cs:line 36
2022-05-04 12:31:14.017 +03:00 [INF] Log started
2022-05-04 12:31:22.690 +03:00 [ERR] Error log
OpenQA.Selenium.StaleElementReferenceException: stale element reference: element is not attached to the page document
  (Session info: chrome=100.0.4896.127)
   at OpenQA.Selenium.WebDriver.UnpackAndThrowOnError(Response errorResponse)
   at OpenQA.Selenium.WebDriver.Execute(String driverCommandToExecute, Dictionary`2 parameters)
   at OpenQA.Selenium.WebDriver.InternalExecute(String driverCommandToExecute, Dictionary`2 parameters)
   at OpenQA.Selenium.WebElement.Execute(String commandToExecute, Dictionary`2 parameters)
   at OpenQA.Selenium.WebElement.Click()
   at SeleniumExtras.PageObjects.WebElementProxy.Click()
   at RozetkaHomeTaskEpamLab.rozetkaPages.SearchPage.ChooseFirstGood() in E:\Projects\RozetkaHomeTaskEpamLabNew\RozetkaHomeTaskEpamLab\rozetkaPages\SearchPage.cs:line 48
   at RozetkaHomeTaskEpamLab.rozetkaTests.VerifyThatBucketContainsGoodAndPriceIsCorrectTest.VerifyThatBucketContainsGoodWithCorrectPriceTest(Filter filter) in E:\Projects\RozetkaHomeTaskEpamLabNew\RozetkaHomeTaskEpamLab\rozetkaTests\VerifyThatBucketContainsGoodAndPriceIsCorrectTest.cs:line 36
2022-05-04 12:31:43.326 +03:00 [INF] Log started
2022-05-04 12:31:51.915 +03:00 [ERR] Error log
OpenQA.Selenium.StaleElementReferenceException: stale element reference: element is not attached to the page document
  (Session info: chrome=100.0.4896.127)
   at OpenQA.Selenium.WebDriver.UnpackAndThrowOnError(Response errorResponse)
   at OpenQA.Selenium.WebDriver.Execute(String driverCommandToExecute, Dictionary`2 parameters)
   at OpenQA.Selenium.WebDriver.InternalExecute(String driverCommandToExecute, Dictionary`2 parameters)
   at OpenQA.Selenium.WebElement.Execute(String commandToExecute, Dictionary`2 parameters)
   at OpenQA.Selenium.WebElement.Click()
   at SeleniumExtras.PageObjects.WebElementProxy.Click()
   at RozetkaHomeTaskEpamLab.rozetkaPages.SearchPage.ChooseFirstGood() in E:\Projects\RozetkaHomeTaskEpamLabNew\RozetkaHomeTaskEpamLab\rozetkaPages\SearchPage.cs:line 48
   at RozetkaHomeTaskEpamLab.rozetkaTests.VerifyThatBucketContainsGoodAndPriceIsCorrectTest.VerifyThatBucketContainsGoodWithCorrectPriceTest(Filter filter) in E:\Projects\RozetkaHomeTaskEpamLabNew\RozetkaHomeTaskEpamLab\rozetkaTests\VerifyThatBucketContainsGoodAndPriceIsCorrectTest.cs:line 36
2022-05-04 12:32:07.197 +03:00 [INF] Log started
2022-05-04 12:32:15.506 +03:00 [ERR] Error log
OpenQA.Selenium.StaleElementReferenceException: stale element reference: element is not attached to the page document
  (Session info: chrome=100.0.4896.127)
   at OpenQA.Selenium.WebDriver.UnpackAndThrowOnError(Response errorResponse)
   at OpenQA.Selenium.WebDriver.Execute(String driverCommandToExecute, Dictionary`2 parameters)
   at OpenQA.Selenium.WebDriver.InternalExecute(String driverCommandToExecute, Dictionary`2 parameters)
   at OpenQA.Selenium.WebElement.Execute(String commandToExecute, Dictionary`2 parameters)
   at OpenQA.Selenium.WebElement.Click()
   at SeleniumExtras.PageObjects.WebElementProxy.Click()
   at RozetkaHomeTaskEpamLab.rozetkaPages.SearchPage.ChooseFirstGood() in E:\Projects\RozetkaHomeTaskEpamLabNew\RozetkaHomeTaskEpamLab\rozetkaPages\SearchPage.cs:line 48
   at RozetkaHomeTaskEpamLab.rozetkaTests.VerifyThatBucketContainsGoodAndPriceIsCorrectTest.VerifyThatBucketContainsGoodWithCorrectPriceTest(Filter filter) in E:\Projects\RozetkaHomeTaskEpamLabNew\RozetkaHomeTaskEpamLab\rozetkaTests\VerifyThatBucketContainsGoodAndPriceIsCorrectTest.cs:line 36
2022-05-04 12:51:22.434 +03:00 [INF] Log started
2022-05-04 12:51:31.190 +03:00 [ERR] Error log
OpenQA.Selenium.StaleElementReferenceException: stale element reference: element is not attached to the page document
  (Session info: chrome=100.0.4896.127)
   at OpenQA.Selenium.WebDriver.UnpackAndThrowOnError(Response errorResponse)
   at OpenQA.Selenium.WebDriver.Execute(String driverCommandToExecute, Dictionary`2 parameters)
   at OpenQA.Selenium.WebDriver.InternalExecute(String driverCommandToExecute, Dictionary`2 parameters)
   at OpenQA.Selenium.WebElement.Execute(String commandToExecute, Dictionary`2 parameters)
   at OpenQA.Selenium.WebElement.Click()
   at SeleniumExtras.PageObjects.WebElementProxy.Click()
   at RozetkaHomeTaskEpamLab.rozetkaPages.SearchPage.ChooseFirstGood() in E:\Projects\RozetkaHomeTaskEpamLabNew\RozetkaHomeTaskEpamLab\rozetkaPages\SearchPage.cs:line 48
   at RozetkaHomeTaskEpamLab.rozetkaTests.VerifyThatBucketContainsGoodAndPriceIsCorrectTest.VerifyThatBucketContainsGoodWithCorrectPriceTest(Filter filter) in E:\Projects\RozetkaHomeTaskEpamLabNew\RozetkaHomeTaskEpamLab\rozetkaTests\VerifyThatBucketContainsGoodAndPriceIsCorrectTest.cs:line 36
2022-05-04 12:52:13.009 +03:00 [INF] Log started
2022-05-04 12:52:21.505 +03:00 [ERR] Error log
OpenQA.Selenium.StaleElementReferenceException: stale element reference: element is not attached to the page document
  (Session info: chrome=100.0.4896.127)
   at OpenQA.Selenium.WebDriver.UnpackAndThrowOnError(Response errorResponse)
   at OpenQA.Selenium.WebDriver.Execute(String driverCommandToExecute, Dictionary`2 parameters)
   at OpenQA.Selenium.WebDriver.InternalExecute(String driverCommandToExecute, Dictionary`2 parameters)
   at OpenQA.Selenium.WebElement.Execute(String commandToExecute, Dictionary`2 parameters)
   at OpenQA.Selenium.WebElement.Click()
   at SeleniumExtras.PageObjects.WebElementProxy.Click()
   at RozetkaHomeTaskEpamLab.rozetkaPages.SearchPage.ChooseFirstGood() in E:\Projects\RozetkaHomeTaskEpamLabNew\RozetkaHomeTaskEpamLab\rozetkaPages\SearchPage.cs:line 48
   at RozetkaHomeTaskEpamLab.rozetkaTests.VerifyThatBucketContainsGoodAndPriceIsCorrectTest.VerifyThatBucketContainsGoodWithCorrectPriceTest(Filter filter) in E:\Projects\RozetkaHomeTaskEpamLabNew\RozetkaHomeTaskEpamLab\rozetkaTests\VerifyThatBucketContainsGoodAndPriceIsCorrectTest.cs:line 37
2022-05-04 12:52:48.295 +03:00 [INF] Log started
2022-05-04 12:52:56.789 +03:00 [ERR] Error log
OpenQA.Selenium.StaleElementReferenceException: stale element reference: element is not attached to the page document
  (Session info: chrome=100.0.4896.127)
   at OpenQA.Selenium.WebDriver.UnpackAndThrowOnError(Response errorResponse)
   at OpenQA.Selenium.WebDriver.Execute(String driverCommandToExecute, Dictionary`2 parameters)
   at OpenQA.Selenium.WebDriver.InternalExecute(String driverCommandToExecute, Dictionary`2 parameters)
   at OpenQA.Selenium.WebElement.Execute(String commandToExecute, Dictionary`2 parameters)
   at OpenQA.Selenium.WebElement.Click()
   at SeleniumExtras.PageObjects.WebElementProxy.Click()
   at RozetkaHomeTaskEpamLab.rozetkaPages.SearchPage.ChooseFirstGood() in E:\Projects\RozetkaHomeTaskEpamLabNew\RozetkaHomeTaskEpamLab\rozetkaPages\SearchPage.cs:line 48
   at RozetkaHomeTaskEpamLab.rozetkaTests.VerifyThatBucketContainsGoodAndPriceIsCorrectTest.VerifyThatBucketContainsGoodWithCorrectPriceTest(Filter filter) in E:\Projects\RozetkaHomeTaskEpamLabNew\RozetkaHomeTaskEpamLab\rozetkaTests\VerifyThatBucketContainsGoodAndPriceIsCorrectTest.cs:line 37
2022-05-04 12:57:12.916 +03:00 [INF] Log started
2022-05-04 12:57:20.896 +03:00 [ERR] Error log
OpenQA.Selenium.StaleElementReferenceException: stale element reference: element is not attached to the page document
  (Session info: chrome=100.0.4896.127)
   at OpenQA.Selenium.WebDriver.UnpackAndThrowOnError(Response errorResponse)
   at OpenQA.Selenium.WebDriver.Execute(String driverCommandToExecute, Dictionary`2 parameters)
   at OpenQA.Selenium.WebDriver.InternalExecute(String driverCommandToExecute, Dictionary`2 parameters)
   at OpenQA.Selenium.WebElement.Execute(String commandToExecute, Dictionary`2 parameters)
   at OpenQA.Selenium.WebElement.Click()
   at SeleniumExtras.PageObjects.WebElementProxy.Click()
   at RozetkaHomeTaskEpamLab.rozetkaPages.SearchPage.ChooseFirstGood() in E:\Projects\RozetkaHomeTaskEpamLabNew\RozetkaHomeTaskEpamLab\rozetkaPages\SearchPage.cs:line 48
   at RozetkaHomeTaskEpamLab.rozetkaTests.VerifyThatBucketContainsGoodAndPriceIsCorrectTest.VerifyThatBucketContainsGoodWithCorrectPriceTest(Filter filter) in E:\Projects\RozetkaHomeTaskEpamLabNew\RozetkaHomeTaskEpamLab\rozetkaTests\VerifyThatBucketContainsGoodAndPriceIsCorrectTest.cs:line 36
2022-05-04 12:59:05.209 +03:00 [INF] Log started
2022-05-04 12:59:14.022 +03:00 [ERR] Error log
OpenQA.Selenium.StaleElementReferenceException: stale element reference: element is not attached to the page document
  (Session info: chrome=100.0.4896.127)
   at OpenQA.Selenium.WebDriver.UnpackAndThrowOnError(Response errorResponse)
   at OpenQA.Selenium.WebDriver.Execute(String driverCommandToExecute, Dictionary`2 parameters)
   at OpenQA.Selenium.WebDriver.InternalExecute(String driverCommandToExecute, Dictionary`2 parameters)
   at OpenQA.Selenium.WebElement.Execute(String commandToExecute, Dictionary`2 parameters)
   at OpenQA.Selenium.WebElement.Click()
   at SeleniumExtras.PageObjects.WebElementProxy.Click()
   at RozetkaHomeTaskEpamLab.rozetkaPages.SearchPage.ChooseFirstGood() in E:\Projects\RozetkaHomeTaskEpamLabNew\RozetkaHomeTaskEpamLab\rozetkaPages\SearchPage.cs:line 52
   at RozetkaHomeTaskEpamLab.rozetkaTests.VerifyThatBucketContainsGoodAndPriceIsCorrectTest.VerifyThatBucketContainsGoodWithCorrectPriceTest(Filter filter) in E:\Projects\RozetkaHomeTaskEpamLabNew\RozetkaHomeTaskEpamLab\rozetkaTests\VerifyThatBucketContainsGoodAndPriceIsCorrectTest.cs:line 37
2022-05-04 12:59:50.635 +03:00 [INF] Log started
2022-05-04 13:01:36.193 +03:00 [INF] Log started
2022-05-04 13:03:27.701 +03:00 [INF] Log started
2022-05-04 13:05:24.411 +03:00 [INF] Log started
2022-05-04 13:05:24.411 +03:00 [INF] Log started
2022-05-04 13:05:35.213 +03:00 [ERR] Error log
OpenQA.Selenium.StaleElementReferenceException: stale element reference: element is not attached to the page document
  (Session info: chrome=100.0.4896.127)
   at OpenQA.Selenium.WebDriver.UnpackAndThrowOnError(Response errorResponse)
   at OpenQA.Selenium.WebDriver.Execute(String driverCommandToExecute, Dictionary`2 parameters)
   at OpenQA.Selenium.WebDriver.InternalExecute(String driverCommandToExecute, Dictionary`2 parameters)
   at OpenQA.Selenium.WebElement.Execute(String commandToExecute, Dictionary`2 parameters)
   at OpenQA.Selenium.WebElement.Click()
   at SeleniumExtras.PageObjects.WebElementProxy.Click()
   at RozetkaHomeTaskEpamLab.rozetkaPages.SearchPage.ChooseFirstGood() in E:\Projects\RozetkaHomeTaskEpamLabNew\RozetkaHomeTaskEpamLab\rozetkaPages\SearchPage.cs:line 52
   at RozetkaHomeTaskEpamLab.rozetkaTests.VerifyThatBucketContainsGoodAndPriceIsCorrectTest.VerifyThatBucketContainsGoodWithCorrectPriceTest(Filter filter) in E:\Projects\RozetkaHomeTaskEpamLabNew\RozetkaHomeTaskEpamLab\rozetkaTests\VerifyThatBucketContainsGoodAndPriceIsCorrectTest.cs:line 37
2022-05-04 13:05:36.526 +03:00 [ERR] Error log
NUnit.Framework.AssertionException:   Expected: True
  But was:  False

   at NUnit.Framework.Assert.ReportFailure(String message)
   at NUnit.Framework.Assert.ReportFailure(ConstraintResult result, String message, Object[] args)
   at NUnit.Framework.Assert.That[TActual](TActual actual, IResolveConstraint expression, String message, Object[] args)
   at NUnit.Framework.Assert.IsTrue(Boolean condition)
   at RozetkaHomeTaskEpamLab.rozetkaTests.VerifyThatBucketContainsGoodAndPriceIsCorrectTest.VerifyThatBucketContainsGoodWithCorrectPriceTest(Filter filter) in E:\Projects\RozetkaHomeTaskEpamLabNew\RozetkaHomeTaskEpamLab\rozetkaTests\VerifyThatBucketContainsGoodAndPriceIsCorrectTest.cs:line 41
2022-05-04 13:07:02.302 +03:00 [INF] Log started
2022-05-04 13:07:02.302 +03:00 [INF] Log started
2022-05-04 13:07:14.249 +03:00 [ERR] Error log
OpenQA.Selenium.StaleElementReferenceException: stale element reference: element is not attached to the page document
  (Session info: chrome=100.0.4896.127)
   at OpenQA.Selenium.WebDriver.UnpackAndThrowOnError(Response errorResponse)
   at OpenQA.Selenium.WebDriver.Execute(String driverCommandToExecute, Dictionary`2 parameters)
   at OpenQA.Selenium.WebDriver.InternalExecute(String driverCommandToExecute, Dictionary`2 parameters)
   at OpenQA.Selenium.WebElement.Execute(String commandToExecute, Dictionary`2 parameters)
   at OpenQA.Selenium.WebElement.Click()
   at SeleniumExtras.PageObjects.WebElementProxy.Click()
   at RozetkaHomeTaskEpamLab.rozetkaPages.SearchPage.ChooseFirstGood() in E:\Projects\RozetkaHomeTaskEpamLabNew\RozetkaHomeTaskEpamLab\rozetkaPages\SearchPage.cs:line 52
   at RozetkaHomeTaskEpamLab.rozetkaTests.VerifyThatBucketContainsGoodAndPriceIsCorrectTest.VerifyThatBucketContainsGoodWithCorrectPriceTest(Filter filter) in E:\Projects\RozetkaHomeTaskEpamLabNew\RozetkaHomeTaskEpamLab\rozetkaTests\VerifyThatBucketContainsGoodAndPriceIsCorrectTest.cs:line 37
2022-05-04 13:07:15.685 +03:00 [ERR] Error log
NUnit.Framework.AssertionException:   Expected: True
  But was:  False

   at NUnit.Framework.Assert.ReportFailure(String message)
   at NUnit.Framework.Assert.ReportFailure(ConstraintResult result, String message, Object[] args)
   at NUnit.Framework.Assert.That[TActual](TActual actual, IResolveConstraint expression, String message, Object[] args)
   at NUnit.Framework.Assert.IsTrue(Boolean condition)
   at RozetkaHomeTaskEpamLab.rozetkaTests.VerifyThatBucketContainsGoodAndPriceIsCorrectTest.VerifyThatBucketContainsGoodWithCorrectPriceTest(Filter filter) in E:\Projects\RozetkaHomeTaskEpamLabNew\RozetkaHomeTaskEpamLab\rozetkaTests\VerifyThatBucketContainsGoodAndPriceIsCorrectTest.cs:line 41
2022-05-04 13:08:10.797 +03:00 [INF] Log started
2022-05-04 13:08:10.797 +03:00 [INF] Log started
2022-05-04 13:08:21.841 +03:00 [ERR] Error log
OpenQA.Selenium.StaleElementReferenceException: stale element reference: element is not attached to the page document
  (Session info: chrome=100.0.4896.127)
   at OpenQA.Selenium.WebDriver.UnpackAndThrowOnError(Response errorResponse)
   at OpenQA.Selenium.WebDriver.Execute(String driverCommandToExecute, Dictionary`2 parameters)
   at OpenQA.Selenium.WebDriver.InternalExecute(String driverCommandToExecute, Dictionary`2 parameters)
   at OpenQA.Selenium.WebElement.Execute(String commandToExecute, Dictionary`2 parameters)
   at OpenQA.Selenium.WebElement.Click()
   at SeleniumExtras.PageObjects.WebElementProxy.Click()
   at RozetkaHomeTaskEpamLab.rozetkaPages.SearchPage.ChooseFirstGood() in E:\Projects\RozetkaHomeTaskEpamLabNew\RozetkaHomeTaskEpamLab\rozetkaPages\SearchPage.cs:line 53
   at RozetkaHomeTaskEpamLab.rozetkaTests.VerifyThatBucketContainsGoodAndPriceIsCorrectTest.VerifyThatBucketContainsGoodWithCorrectPriceTest(Filter filter) in E:\Projects\RozetkaHomeTaskEpamLabNew\RozetkaHomeTaskEpamLab\rozetkaTests\VerifyThatBucketContainsGoodAndPriceIsCorrectTest.cs:line 37
2022-05-04 13:08:22.769 +03:00 [ERR] Error log
NUnit.Framework.AssertionException:   Expected: True
  But was:  False

   at NUnit.Framework.Assert.ReportFailure(String message)
   at NUnit.Framework.Assert.ReportFailure(ConstraintResult result, String message, Object[] args)
   at NUnit.Framework.Assert.That[TActual](TActual actual, IResolveConstraint expression, String message, Object[] args)
   at NUnit.Framework.Assert.IsTrue(Boolean condition)
   at RozetkaHomeTaskEpamLab.rozetkaTests.VerifyThatBucketContainsGoodAndPriceIsCorrectTest.VerifyThatBucketContainsGoodWithCorrectPriceTest(Filter filter) in E:\Projects\RozetkaHomeTaskEpamLabNew\RozetkaHomeTaskEpamLab\rozetkaTests\VerifyThatBucketContainsGoodAndPriceIsCorrectTest.cs:line 41
2022-05-04 13:12:31.300 +03:00 [INF] Log started
2022-05-04 13:12:31.300 +03:00 [INF] Log started
2022-05-04 13:12:45.177 +03:00 [ERR] Error log
OpenQA.Selenium.StaleElementReferenceException: stale element reference: element is not attached to the page document
  (Session info: chrome=100.0.4896.127)
   at OpenQA.Selenium.WebDriver.UnpackAndThrowOnError(Response errorResponse)
   at OpenQA.Selenium.WebDriver.Execute(String driverCommandToExecute, Dictionary`2 parameters)
   at OpenQA.Selenium.WebDriver.InternalExecute(String driverCommandToExecute, Dictionary`2 parameters)
   at OpenQA.Selenium.WebElement.Execute(String commandToExecute, Dictionary`2 parameters)
   at OpenQA.Selenium.WebElement.Click()
   at SeleniumExtras.PageObjects.WebElementProxy.Click()
   at RozetkaHomeTaskEpamLab.rozetkaPages.SearchPage.ChooseFirstGood() in E:\Projects\RozetkaHomeTaskEpamLabNew\RozetkaHomeTaskEpamLab\rozetkaPages\SearchPage.cs:line 53
   at RozetkaHomeTaskEpamLab.rozetkaTests.VerifyThatBucketContainsGoodAndPriceIsCorrectTest.VerifyThatBucketContainsGoodWithCorrectPriceTest(Filter filter) in E:\Projects\RozetkaHomeTaskEpamLabNew\RozetkaHomeTaskEpamLab\rozetkaTests\VerifyThatBucketContainsGoodAndPriceIsCorrectTest.cs:line 37
2022-05-04 13:13:25.638 +03:00 [INF] Log started
2022-05-04 13:14:17.909 +03:00 [INF] Log started
2022-05-04 13:14:29.320 +03:00 [ERR] Error log
OpenQA.Selenium.StaleElementReferenceException: stale element reference: element is not attached to the page document
  (Session info: chrome=100.0.4896.127)
   at OpenQA.Selenium.WebDriver.UnpackAndThrowOnError(Response errorResponse)
   at OpenQA.Selenium.WebDriver.Execute(String driverCommandToExecute, Dictionary`2 parameters)
   at OpenQA.Selenium.WebDriver.InternalExecute(String driverCommandToExecute, Dictionary`2 parameters)
   at OpenQA.Selenium.WebElement.Execute(String commandToExecute, Dictionary`2 parameters)
   at OpenQA.Selenium.WebElement.Click()
   at SeleniumExtras.PageObjects.WebElementProxy.Click()
   at RozetkaHomeTaskEpamLab.rozetkaPages.SearchPage.ChooseFirstGood() in E:\Projects\RozetkaHomeTaskEpamLabNew\RozetkaHomeTaskEpamLab\rozetkaPages\SearchPage.cs:line 53
   at RozetkaHomeTaskEpamLab.rozetkaTests.VerifyThatBucketContainsGoodAndPriceIsCorrectTest.VerifyThatBucketContainsGoodWithCorrectPriceTest(Filter filter) in E:\Projects\RozetkaHomeTaskEpamLabNew\RozetkaHomeTaskEpamLab\rozetkaTests\VerifyThatBucketContainsGoodAndPriceIsCorrectTest.cs:line 37
2022-05-04 13:15:18.858 +03:00 [INF] Log started
2022-05-04 13:15:31.313 +03:00 [ERR] Error log
OpenQA.Selenium.StaleElementReferenceException: stale element reference: element is not attached to the page document
  (Session info: chrome=100.0.4896.127)
   at OpenQA.Selenium.WebDriver.UnpackAndThrowOnError(Response errorResponse)
   at OpenQA.Selenium.WebDriver.Execute(String driverCommandToExecute, Dictionary`2 parameters)
   at OpenQA.Selenium.WebDriver.InternalExecute(String driverCommandToExecute, Dictionary`2 parameters)
   at OpenQA.Selenium.WebElement.Execute(String commandToExecute, Dictionary`2 parameters)
   at OpenQA.Selenium.WebElement.Click()
   at SeleniumExtras.PageObjects.WebElementProxy.Click()
   at RozetkaHomeTaskEpamLab.rozetkaPages.SearchPage.ChooseFirstGood() in E:\Projects\RozetkaHomeTaskEpamLabNew\RozetkaHomeTaskEpamLab\rozetkaPages\SearchPage.cs:line 53
   at RozetkaHomeTaskEpamLab.rozetkaTests.VerifyThatBucketContainsGoodAndPriceIsCorrectTest.VerifyThatBucketContainsGoodWithCorrectPriceTest(Filter filter) in E:\Projects\RozetkaHomeTaskEpamLabNew\RozetkaHomeTaskEpamLab\rozetkaTests\VerifyThatBucketContainsGoodAndPriceIsCorrectTest.cs:line 37
2022-05-04 13:18:01.381 +03:00 [INF] Log started
2022-05-04 13:19:06.305 +03:00 [INF] Log started
2022-05-04 13:19:18.714 +03:00 [ERR] Error log
OpenQA.Selenium.StaleElementReferenceException: stale element reference: element is not attached to the page document
  (Session info: chrome=100.0.4896.127)
   at OpenQA.Selenium.WebDriver.UnpackAndThrowOnError(Response errorResponse)
   at OpenQA.Selenium.WebDriver.Execute(String driverCommandToExecute, Dictionary`2 parameters)
   at OpenQA.Selenium.WebDriver.InternalExecute(String driverCommandToExecute, Dictionary`2 parameters)
   at OpenQA.Selenium.WebElement.Execute(String commandToExecute, Dictionary`2 parameters)
   at OpenQA.Selenium.WebElement.Click()
   at SeleniumExtras.PageObjects.WebElementProxy.Click()
   at RozetkaHomeTaskEpamLab.rozetkaPages.SearchPage.ChooseFirstGood() in E:\Projects\RozetkaHomeTaskEpamLabNew\RozetkaHomeTaskEpamLab\rozetkaPages\SearchPage.cs:line 53
   at RozetkaHomeTaskEpamLab.rozetkaTests.VerifyThatBucketContainsGoodAndPriceIsCorrectTest.VerifyThatBucketContainsGoodWithCorrectPriceTest(Filter filter) in E:\Projects\RozetkaHomeTaskEpamLabNew\RozetkaHomeTaskEpamLab\rozetkaTests\VerifyThatBucketContainsGoodAndPriceIsCorrectTest.cs:line 37
2022-05-04 13:20:00.850 +03:00 [INF] Log started
2022-05-04 13:20:12.604 +03:00 [ERR] Error log
OpenQA.Selenium.ElementClickInterceptedException: element click intercepted: Element <button _ngcontent-rz-client-c71="" type="button" class="buy-button goods-tile__buy-button ng-star-inserted" aria-label="Купить">...</button> is not clickable at point (490, 684). Other element would receive the click: <svg _ngcontent-rz-client-c71="" width="24" height="24">...</svg>
  (Session info: chrome=100.0.4896.127)
   at OpenQA.Selenium.WebDriver.UnpackAndThrowOnError(Response errorResponse)
   at OpenQA.Selenium.WebDriver.Execute(String driverCommandToExecute, Dictionary`2 parameters)
   at OpenQA.Selenium.WebDriver.InternalExecute(String driverCommandToExecute, Dictionary`2 parameters)
   at OpenQA.Selenium.WebElement.Execute(String commandToExecute, Dictionary`2 parameters)
   at OpenQA.Selenium.WebElement.Click()
   at SeleniumExtras.PageObjects.WebElementProxy.Click()
   at RozetkaHomeTaskEpamLab.rozetkaPages.SearchPage.ChooseFirstGood() in E:\Projects\RozetkaHomeTaskEpamLabNew\RozetkaHomeTaskEpamLab\rozetkaPages\SearchPage.cs:line 53
   at RozetkaHomeTaskEpamLab.rozetkaTests.VerifyThatBucketContainsGoodAndPriceIsCorrectTest.VerifyThatBucketContainsGoodWithCorrectPriceTest(Filter filter) in E:\Projects\RozetkaHomeTaskEpamLabNew\RozetkaHomeTaskEpamLab\rozetkaTests\VerifyThatBucketContainsGoodAndPriceIsCorrectTest.cs:line 37
2022-05-04 14:43:43.570 +03:00 [INF] Log started
2022-05-04 14:43:54.430 +03:00 [ERR] Error log
OpenQA.Selenium.StaleElementReferenceException: stale element reference: element is not attached to the page document
  (Session info: chrome=100.0.4896.127)
   at OpenQA.Selenium.WebDriver.UnpackAndThrowOnError(Response errorResponse)
   at OpenQA.Selenium.WebDriver.Execute(String driverCommandToExecute, Dictionary`2 parameters)
   at OpenQA.Selenium.WebDriver.InternalExecute(String driverCommandToExecute, Dictionary`2 parameters)
   at OpenQA.Selenium.WebElement.Execute(String commandToExecute, Dictionary`2 parameters)
   at OpenQA.Selenium.WebElement.Click()
   at SeleniumExtras.PageObjects.WebElementProxy.Click()
   at RozetkaHomeTaskEpamLab.rozetkaPages.SearchPage.ChooseFirstGood() in E:\Projects\RozetkaHomeTaskEpamLabNew\RozetkaHomeTaskEpamLab\rozetkaPages\SearchPage.cs:line 53
   at RozetkaHomeTaskEpamLab.rozetkaTests.VerifyThatBucketContainsGoodAndPriceIsCorrectTest.VerifyThatBucketContainsGoodWithCorrectPriceTest(Filter filter) in E:\Projects\RozetkaHomeTaskEpamLabNew\RozetkaHomeTaskEpamLab\rozetkaTests\VerifyThatBucketContainsGoodAndPriceIsCorrectTest.cs:line 37
2022-05-04 14:46:28.166 +03:00 [INF] Log started
2022-05-04 14:47:17.970 +03:00 [INF] Log started
2022-05-04 14:47:30.406 +03:00 [ERR] Error log
OpenQA.Selenium.StaleElementReferenceException: stale element reference: element is not attached to the page document
  (Session info: chrome=100.0.4896.127)
   at OpenQA.Selenium.WebDriver.UnpackAndThrowOnError(Response errorResponse)
   at OpenQA.Selenium.WebDriver.Execute(String driverCommandToExecute, Dictionary`2 parameters)
   at OpenQA.Selenium.WebDriver.InternalExecute(String driverCommandToExecute, Dictionary`2 parameters)
   at OpenQA.Selenium.WebElement.Execute(String commandToExecute, Dictionary`2 parameters)
   at OpenQA.Selenium.WebElement.get_Enabled()
   at SeleniumExtras.PageObjects.WebElementProxy.get_Enabled()
   at RozetkaHomeTaskEpamLab.rozetkaPages.BasePage.<>c__DisplayClass6_0.<WaitElementIsEnable>b__0(IWebDriver driver) in E:\Projects\RozetkaHomeTaskEpamLabNew\RozetkaHomeTaskEpamLab\rozetkaPages\BasePage.cs:line 50
   at OpenQA.Selenium.Support.UI.DefaultWait`1.Until[TResult](Func`2 condition, CancellationToken token)
   at OpenQA.Selenium.Support.UI.DefaultWait`1.Until[TResult](Func`2 condition)
   at RozetkaHomeTaskEpamLab.rozetkaPages.BasePage.WaitElementIsEnable(Int32 timeToWait, IWebElement element) in E:\Projects\RozetkaHomeTaskEpamLabNew\RozetkaHomeTaskEpamLab\rozetkaPages\BasePage.cs:line 50
   at RozetkaHomeTaskEpamLab.rozetkaTests.VerifyThatBucketContainsGoodAndPriceIsCorrectTest.VerifyThatBucketContainsGoodWithCorrectPriceTest(Filter filter) in E:\Projects\RozetkaHomeTaskEpamLabNew\RozetkaHomeTaskEpamLab\rozetkaTests\VerifyThatBucketContainsGoodAndPriceIsCorrectTest.cs:line 37
2022-05-04 14:47:53.548 +03:00 [INF] Log started
2022-05-04 14:48:44.738 +03:00 [INF] Log started
2022-05-04 14:48:57.063 +03:00 [ERR] Error log
OpenQA.Selenium.StaleElementReferenceException: stale element reference: element is not attached to the page document
  (Session info: chrome=100.0.4896.127)
   at OpenQA.Selenium.WebDriver.UnpackAndThrowOnError(Response errorResponse)
   at OpenQA.Selenium.WebDriver.Execute(String driverCommandToExecute, Dictionary`2 parameters)
   at OpenQA.Selenium.WebDriver.InternalExecute(String driverCommandToExecute, Dictionary`2 parameters)
   at OpenQA.Selenium.WebElement.Execute(String commandToExecute, Dictionary`2 parameters)
   at OpenQA.Selenium.WebElement.get_Displayed()
   at SeleniumExtras.PageObjects.WebElementProxy.get_Displayed()
   at RozetkaHomeTaskEpamLab.rozetkaPages.BasePage.<>c__DisplayClass6_0.<WaitElementIsEnable>b__0(IWebDriver driver) in E:\Projects\RozetkaHomeTaskEpamLabNew\RozetkaHomeTaskEpamLab\rozetkaPages\BasePage.cs:line 50
   at OpenQA.Selenium.Support.UI.DefaultWait`1.Until[TResult](Func`2 condition, CancellationToken token)
   at OpenQA.Selenium.Support.UI.DefaultWait`1.Until[TResult](Func`2 condition)
   at RozetkaHomeTaskEpamLab.rozetkaPages.BasePage.WaitElementIsEnable(Int32 timeToWait, IWebElement element) in E:\Projects\RozetkaHomeTaskEpamLabNew\RozetkaHomeTaskEpamLab\rozetkaPages\BasePage.cs:line 50
   at RozetkaHomeTaskEpamLab.rozetkaTests.VerifyThatBucketContainsGoodAndPriceIsCorrectTest.VerifyThatBucketContainsGoodWithCorrectPriceTest(Filter filter) in E:\Projects\RozetkaHomeTaskEpamLabNew\RozetkaHomeTaskEpamLab\rozetkaTests\VerifyThatBucketContainsGoodAndPriceIsCorrectTest.cs:line 37
2022-05-04 14:49:26.955 +03:00 [INF] Log started
2022-05-04 14:49:38.564 +03:00 [ERR] Error log
OpenQA.Selenium.ElementClickInterceptedException: element click intercepted: Element <button _ngcontent-rz-client-c71="" type="button" class="buy-button goods-tile__buy-button ng-star-inserted" aria-label="Купить">...</button> is not clickable at point (490, 684). Other element would receive the click: <main rzspinner="" spinnertype="element" spinnerid="LOAD_PAGE_DATA" style="order: 2;" class="ng-star-inserted preloader_type_element">...</main>
  (Session info: chrome=100.0.4896.127)
   at OpenQA.Selenium.WebDriver.UnpackAndThrowOnError(Response errorResponse)
   at OpenQA.Selenium.WebDriver.Execute(String driverCommandToExecute, Dictionary`2 parameters)
   at OpenQA.Selenium.WebDriver.InternalExecute(String driverCommandToExecute, Dictionary`2 parameters)
   at OpenQA.Selenium.WebElement.Execute(String commandToExecute, Dictionary`2 parameters)
   at OpenQA.Selenium.WebElement.Click()
   at SeleniumExtras.PageObjects.WebElementProxy.Click()
   at RozetkaHomeTaskEpamLab.rozetkaPages.SearchPage.ChooseFirstGood() in E:\Projects\RozetkaHomeTaskEpamLabNew\RozetkaHomeTaskEpamLab\rozetkaPages\SearchPage.cs:line 57
   at RozetkaHomeTaskEpamLab.rozetkaTests.VerifyThatBucketContainsGoodAndPriceIsCorrectTest.VerifyThatBucketContainsGoodWithCorrectPriceTest(Filter filter) in E:\Projects\RozetkaHomeTaskEpamLabNew\RozetkaHomeTaskEpamLab\rozetkaTests\VerifyThatBucketContainsGoodAndPriceIsCorrectTest.cs:line 38
2022-05-04 14:50:22.145 +03:00 [INF] Log started
2022-05-04 14:50:46.615 +03:00 [INF] Log started
2022-05-04 14:51:09.146 +03:00 [INF] Log started
2022-05-04 14:52:12.867 +03:00 [INF] Log started
2022-05-04 14:52:26.313 +03:00 [ERR] Error log
OpenQA.Selenium.StaleElementReferenceException: stale element reference: element is not attached to the page document
  (Session info: chrome=100.0.4896.127)
   at OpenQA.Selenium.WebDriver.UnpackAndThrowOnError(Response errorResponse)
   at OpenQA.Selenium.WebDriver.Execute(String driverCommandToExecute, Dictionary`2 parameters)
   at OpenQA.Selenium.WebDriver.InternalExecute(String driverCommandToExecute, Dictionary`2 parameters)
   at OpenQA.Selenium.WebElement.Execute(String commandToExecute, Dictionary`2 parameters)
   at OpenQA.Selenium.WebElement.get_Enabled()
   at SeleniumExtras.PageObjects.WebElementProxy.get_Enabled()
   at RozetkaHomeTaskEpamLab.rozetkaPages.BasePage.<>c__DisplayClass6_0.<WaitElementIsEnable>b__0(IWebDriver driver) in E:\Projects\RozetkaHomeTaskEpamLabNew\RozetkaHomeTaskEpamLab\rozetkaPages\BasePage.cs:line 50
   at OpenQA.Selenium.Support.UI.DefaultWait`1.Until[TResult](Func`2 condition, CancellationToken token)
   at OpenQA.Selenium.Support.UI.DefaultWait`1.Until[TResult](Func`2 condition)
   at RozetkaHomeTaskEpamLab.rozetkaPages.BasePage.WaitElementIsEnable(Int32 timeToWait, IWebElement element) in E:\Projects\RozetkaHomeTaskEpamLabNew\RozetkaHomeTaskEpamLab\rozetkaPages\BasePage.cs:line 50
   at RozetkaHomeTaskEpamLab.rozetkaTests.VerifyThatBucketContainsGoodAndPriceIsCorrectTest.VerifyThatBucketContainsGoodWithCorrectPriceTest(Filter filter) in E:\Projects\RozetkaHomeTaskEpamLabNew\RozetkaHomeTaskEpamLab\rozetkaTests\VerifyThatBucketContainsGoodAndPriceIsCorrectTest.cs:line 37
2022-05-04 14:52:47.109 +03:00 [INF] Log started
2022-05-04 14:52:59.702 +03:00 [ERR] Error log
OpenQA.Selenium.StaleElementReferenceException: stale element reference: element is not attached to the page document
  (Session info: chrome=100.0.4896.127)
   at OpenQA.Selenium.WebDriver.UnpackAndThrowOnError(Response errorResponse)
   at OpenQA.Selenium.WebDriver.Execute(String driverCommandToExecute, Dictionary`2 parameters)
   at OpenQA.Selenium.WebDriver.InternalExecute(String driverCommandToExecute, Dictionary`2 parameters)
   at OpenQA.Selenium.WebElement.Execute(String commandToExecute, Dictionary`2 parameters)
   at OpenQA.Selenium.WebElement.get_Displayed()
   at SeleniumExtras.PageObjects.WebElementProxy.get_Displayed()
   at RozetkaHomeTaskEpamLab.rozetkaPages.BasePage.<>c__DisplayClass6_0.<WaitElementIsEnable>b__0(IWebDriver driver) in E:\Projects\RozetkaHomeTaskEpamLabNew\RozetkaHomeTaskEpamLab\rozetkaPages\BasePage.cs:line 50
   at OpenQA.Selenium.Support.UI.DefaultWait`1.Until[TResult](Func`2 condition, CancellationToken token)
   at OpenQA.Selenium.Support.UI.DefaultWait`1.Until[TResult](Func`2 condition)
   at RozetkaHomeTaskEpamLab.rozetkaPages.BasePage.WaitElementIsEnable(Int32 timeToWait, IWebElement element) in E:\Projects\RozetkaHomeTaskEpamLabNew\RozetkaHomeTaskEpamLab\rozetkaPages\BasePage.cs:line 50
   at RozetkaHomeTaskEpamLab.rozetkaTests.VerifyThatBucketContainsGoodAndPriceIsCorrectTest.VerifyThatBucketContainsGoodWithCorrectPriceTest(Filter filter) in E:\Projects\RozetkaHomeTaskEpamLabNew\RozetkaHomeTaskEpamLab\rozetkaTests\VerifyThatBucketContainsGoodAndPriceIsCorrectTest.cs:line 37
2022-05-04 14:53:48.509 +03:00 [INF] Log started
2022-05-04 14:54:50.651 +03:00 [INF] Log started
2022-05-04 14:54:50.651 +03:00 [INF] Log started
2022-05-04 14:58:49.042 +03:00 [INF] Log started
2022-05-04 14:59:35.153 +03:00 [INF] Log started
2022-05-04 15:00:18.778 +03:00 [INF] Log started
