2022-05-03 16:13:34.361 +03:00 [INF] Log started
2022-05-03 16:13:34.831 +03:00 [ERR] Error log
OpenQA.Selenium.NoSuchElementException: Could not find element by: By.XPath: //span[contains(text(), 'Алфавитный указатель')]/parent::button/parent::div/preceding-sibling::div/input
   at SeleniumExtras.PageObjects.DefaultElementLocator.LocateElement(IEnumerable`1 bys)
   at SeleniumExtras.PageObjects.WebElementProxy.get_WrappedElement()
   at SeleniumExtras.PageObjects.WebElementProxy.SendKeys(String text)
   at RozetkaHomeTaskEpamLab.rozetkaPages.SearchPage.SendKeysToSearchBrandInput(String brand) in E:\Projects\RozetkaHomeTaskEpamLabNew\RozetkaHomeTaskEpamLab\rozetkaPages\SearchPage.cs:line 34
   at RozetkaHomeTaskEpamLab.rozetkaTests.VerifyThatBucketContainsGoodAndPriceIsCorrectTest.VerifyThatBucketContainsGoodWithCorrectPriceTest(Filter filter) in E:\Projects\RozetkaHomeTaskEpamLabNew\RozetkaHomeTaskEpamLab\rozetkaTests\VerifyThatBucketContainsGoodAndPriceIsCorrectTest.cs:line 32
2022-05-03 16:13:53.957 +03:00 [ERR] Error log
OpenQA.Selenium.NoSuchWindowException: no such window: target window already closed
from unknown error: web view not found
  (Session info: chrome=100.0.4896.127)
   at OpenQA.Selenium.WebDriver.UnpackAndThrowOnError(Response errorResponse)
   at OpenQA.Selenium.WebDriver.Execute(String driverCommandToExecute, Dictionary`2 parameters)
   at OpenQA.Selenium.WebDriver.FindElement(String mechanism, String value)
   at OpenQA.Selenium.By.<.ctor>b__11_0(ISearchContext context)
   at OpenQA.Selenium.By.FindElement(ISearchContext context)
   at OpenQA.Selenium.WebDriver.FindElement(By by)
   at SeleniumExtras.PageObjects.DefaultElementLocator.LocateElement(IEnumerable`1 bys)
   at SeleniumExtras.PageObjects.WebElementProxy.get_WrappedElement()
   at SeleniumExtras.PageObjects.WebElementProxy.SendKeys(String text)
   at RozetkaHomeTaskEpamLab.rozetkaPages.HomePage.SendKeysToSearchInput(String typeOfGood) in E:\Projects\RozetkaHomeTaskEpamLabNew\RozetkaHomeTaskEpamLab\rozetkaPages\HomePage.cs:line 25
   at RozetkaHomeTaskEpamLab.rozetkaTests.VerifyThatBucketContainsGoodAndPriceIsCorrectTest.VerifyThatBucketContainsGoodWithCorrectPriceTest(Filter filter) in E:\Projects\RozetkaHomeTaskEpamLabNew\RozetkaHomeTaskEpamLab\rozetkaTests\VerifyThatBucketContainsGoodAndPriceIsCorrectTest.cs:line 29
2022-05-03 16:13:56.348 +03:00 [ERR] Error log
OpenQA.Selenium.NoSuchWindowException: no such window: target window already closed
from unknown error: web view not found
  (Session info: chrome=100.0.4896.127)
   at OpenQA.Selenium.WebDriver.UnpackAndThrowOnError(Response errorResponse)
   at OpenQA.Selenium.WebDriver.Execute(String driverCommandToExecute, Dictionary`2 parameters)
   at OpenQA.Selenium.WebDriver.FindElement(String mechanism, String value)
   at OpenQA.Selenium.By.<.ctor>b__11_0(ISearchContext context)
   at OpenQA.Selenium.By.FindElement(ISearchContext context)
   at OpenQA.Selenium.WebDriver.FindElement(By by)
   at SeleniumExtras.PageObjects.DefaultElementLocator.LocateElement(IEnumerable`1 bys)
   at SeleniumExtras.PageObjects.WebElementProxy.get_WrappedElement()
   at SeleniumExtras.PageObjects.WebElementProxy.SendKeys(String text)
   at RozetkaHomeTaskEpamLab.rozetkaPages.HomePage.SendKeysToSearchInput(String typeOfGood) in E:\Projects\RozetkaHomeTaskEpamLabNew\RozetkaHomeTaskEpamLab\rozetkaPages\HomePage.cs:line 25
   at RozetkaHomeTaskEpamLab.rozetkaTests.VerifyThatBucketContainsGoodAndPriceIsCorrectTest.VerifyThatBucketContainsGoodWithCorrectPriceTest(Filter filter) in E:\Projects\RozetkaHomeTaskEpamLabNew\RozetkaHomeTaskEpamLab\rozetkaTests\VerifyThatBucketContainsGoodAndPriceIsCorrectTest.cs:line 29
2022-05-03 16:21:12.183 +03:00 [INF] Log started
