2022-05-03 13:22:39.699 +03:00 [INF] Log started
2022-05-03 13:22:39.763 +03:00 [ERR] Error log
OpenQA.Selenium.NoSuchElementException: Could not find element by: By.XPath: //input[@class='search-form__input ng-untouched ng-pristine ng-valid']
   at SeleniumExtras.PageObjects.DefaultElementLocator.LocateElement(IEnumerable`1 bys)
   at SeleniumExtras.PageObjects.WebElementProxy.get_WrappedElement()
   at SeleniumExtras.PageObjects.WebElementProxy.SendKeys(String text)
   at RozetkaHomeTaskEpamLab.rozetkaPages.HomePage.SendKeysToSearchInput(String typeOfGood) in E:\Projects\RozetkaHomeTaskEpamLabNew\RozetkaHomeTaskEpamLab\rozetkaPages\HomePage.cs:line 25
   at RozetkaHomeTaskEpamLab.rozetkaTests.VerifyThatBucketContainsGoodAndPriceIsCorrectTest.VerifyThatBucketContainsGoodWithCorrectPriceTest(Filter filter) in E:\Projects\RozetkaHomeTaskEpamLabNew\RozetkaHomeTaskEpamLab\rozetkaTests\VerifyThatBucketContainsGoodAndPriceIsCorrectTest.cs:line 29
2022-05-03 13:22:41.771 +03:00 [ERR] Error log
OpenQA.Selenium.NoSuchElementException: Could not find element by: By.XPath: //input[@class='search-form__input ng-untouched ng-pristine ng-valid']
   at SeleniumExtras.PageObjects.DefaultElementLocator.LocateElement(IEnumerable`1 bys)
   at SeleniumExtras.PageObjects.WebElementProxy.get_WrappedElement()
   at SeleniumExtras.PageObjects.WebElementProxy.SendKeys(String text)
   at RozetkaHomeTaskEpamLab.rozetkaPages.HomePage.SendKeysToSearchInput(String typeOfGood) in E:\Projects\RozetkaHomeTaskEpamLabNew\RozetkaHomeTaskEpamLab\rozetkaPages\HomePage.cs:line 25
   at RozetkaHomeTaskEpamLab.rozetkaTests.VerifyThatBucketContainsGoodAndPriceIsCorrectTest.VerifyThatBucketContainsGoodWithCorrectPriceTest(Filter filter) in E:\Projects\RozetkaHomeTaskEpamLabNew\RozetkaHomeTaskEpamLab\rozetkaTests\VerifyThatBucketContainsGoodAndPriceIsCorrectTest.cs:line 29
2022-05-03 13:22:42.020 +03:00 [ERR] Error log
OpenQA.Selenium.NoSuchElementException: Could not find element by: By.XPath: //input[@class='search-form__input ng-untouched ng-pristine ng-valid']
   at SeleniumExtras.PageObjects.DefaultElementLocator.LocateElement(IEnumerable`1 bys)
   at SeleniumExtras.PageObjects.WebElementProxy.get_WrappedElement()
   at SeleniumExtras.PageObjects.WebElementProxy.SendKeys(String text)
   at RozetkaHomeTaskEpamLab.rozetkaPages.HomePage.SendKeysToSearchInput(String typeOfGood) in E:\Projects\RozetkaHomeTaskEpamLabNew\RozetkaHomeTaskEpamLab\rozetkaPages\HomePage.cs:line 25
   at RozetkaHomeTaskEpamLab.rozetkaTests.VerifyThatBucketContainsGoodAndPriceIsCorrectTest.VerifyThatBucketContainsGoodWithCorrectPriceTest(Filter filter) in E:\Projects\RozetkaHomeTaskEpamLabNew\RozetkaHomeTaskEpamLab\rozetkaTests\VerifyThatBucketContainsGoodAndPriceIsCorrectTest.cs:line 29
2022-05-03 13:26:47.960 +03:00 [INF] Log started
2022-05-03 13:26:47.960 +03:00 [INF] Log started
2022-05-03 13:26:47.960 +03:00 [INF] Log started
2022-05-03 13:26:49.410 +03:00 [ERR] Error log
OpenQA.Selenium.NoSuchElementException: Could not find element by: By.XPath: //input[@class='search-form__input ng-untouched ng-pristine ng-valid']
   at SeleniumExtras.PageObjects.DefaultElementLocator.LocateElement(IEnumerable`1 bys)
   at SeleniumExtras.PageObjects.WebElementProxy.get_WrappedElement()
   at SeleniumExtras.PageObjects.WebElementProxy.SendKeys(String text)
   at RozetkaHomeTaskEpamLab.rozetkaPages.HomePage.SendKeysToSearchInput(String typeOfGood) in E:\Projects\RozetkaHomeTaskEpamLabNew\RozetkaHomeTaskEpamLab\rozetkaPages\HomePage.cs:line 25
   at RozetkaHomeTaskEpamLab.rozetkaTests.VerifyThatBucketContainsGoodAndPriceIsCorrectTest.VerifyThatBucketContainsGoodWithCorrectPriceTest(Filter filter) in E:\Projects\RozetkaHomeTaskEpamLabNew\RozetkaHomeTaskEpamLab\rozetkaTests\VerifyThatBucketContainsGoodAndPriceIsCorrectTest.cs:line 29
